Test Software version 20231207-deviate
Test started at: Fri Dec  8 08:46:35 2023
jig 24V: 23.3V
jig temperature: 26.3degC
Switching PSU to 3.0V / 2.0A
  voltage: 3.0V  PASS
  current: -0.1mA  PASS
Programming application firmware    
  unlocking    PASS
  programming bold-firmware-rev3-v137-complete.hex    PASS
Power-ON Reset
  reset processor PASS
DUT firmware version: 137  PASS
battery voltage
  firmware: 3000mV
  dmm:      2999mV
enable_motor_left OK
  voltage:     -2.68V
  current:     -107.2mA    PASS
  psu current: 117.5mA    PASS
enable_motor_right OK
  voltage:     2.68V
  current:     107.2mA    PASS
  psu current: 117.4mA    PASS
disable_motor OK
  voltage:     0.00V
  current:     0.0mA    PASS
  psu current: 0.5mA    PASS
accelerometer
  voltage: 3.0V  PASS
  x: 192    PASS
  y: -128    PASS
  z: 14864    PASS
magnetometer
  voltage: 0.1V  PASS
  val1: 299    PASS
  val2: -491    PASS
button
  not pressed: 0  PASS
  pressed:     1  PASS
  not pressed: 0  PASS
buzzer
  on:    167.3 dB  PASS
  off:   117.1 dB
  delta: 50.2 dB  PASS
LEDs
  red
     1: 254, 001, 000, 31698  PASS
     2: 253, 001, 000, 30348  PASS
  green
     1: 002, 241, 012, 20951  PASS
     2: 002, 242, 012, 19458  PASS
  blue
     1: 001, 014, 240, 43496  PASS
     2: 001, 016, 238, 42276  PASS
standby
  accelero voltage: 1.5V  PASS
  magneto voltage: 0.0V  PASS
  psu current:     -116.9uA
  standby current: 0.7uA  PASS
Programming application firmware    
  unlocking    PASS
  programming bold-firmware-rev3-v137-complete.hex    PASS
Security
  model and type: 0x06010000    PASS
  device id:      0x000000000001F538 (128312)    PASS
  key 1:      PASS
  key 2:      PASS
  key 3:      PASS
  key 4:      PASS
  enable readback protection    PASS
BLE application advertising
  device not found, retrying
  address 128312 found
  manufacturer id found
  RSSI: -39  PASS
Test time: 67.8sec
Test successful